F:\计算机考研\王道编程\20180303学生管理系统\20180304_赵君诚（学生管理）\学生管理系统\DEBUG\FUN.OBJ
F:\计算机考研\王道编程\20180303学生管理系统\20180304_赵君诚（学生管理）\学生管理系统\DEBUG\MAIN.OBJ
F:\计算机考研\王道编程\20180303学生管理系统\20180304_赵君诚（学生管理）\学生管理系统\DEBUG\VC110.PDB
F:\计算机考研\王道编程\20180303学生管理系统\20180304_赵君诚（学生管理）\DEBUG\学生管理系统.ILK
F:\计算机考研\王道编程\20180303学生管理系统\20180304_赵君诚（学生管理）\DEBUG\学生管理系统.EXE
F:\计算机考研\王道编程\20180303学生管理系统\20180304_赵君诚（学生管理）\DEBUG\学生管理系统.PDB
F:\计算机考研\王道编程\20180303学生管理系统\20180304_赵君诚（学生管理）\学生管理系统\Debug\fun.obj
F:\计算机考研\王道编程\20180303学生管理系统\20180304_赵君诚（学生管理）\学生管理系统\Debug\main.obj
F:\计算机考研\王道编程\20180303学生管理系统\20180304_赵君诚（学生管理）\学生管理系统\Debug\cl.command.1.tlog
F:\计算机考研\王道编程\20180303学生管理系统\20180304_赵君诚（学生管理）\学生管理系统\Debug\CL.read.1.tlog
F:\计算机考研\王道编程\20180303学生管理系统\20180304_赵君诚（学生管理）\学生管理系统\Debug\CL.write.1.tlog
F:\计算机考研\王道编程\20180303学生管理系统\20180304_赵君诚（学生管理）\学生管理系统\Debug\link-cvtres.read.1.tlog
F:\计算机考研\王道编程\20180303学生管理系统\20180304_赵君诚（学生管理）\学生管理系统\Debug\link-cvtres.write.1.tlog
F:\计算机考研\王道编程\20180303学生管理系统\20180304_赵君诚（学生管理）\学生管理系统\Debug\link-rc.read.1.tlog
F:\计算机考研\王道编程\20180303学生管理系统\20180304_赵君诚（学生管理）\学生管理系统\Debug\link-rc.write.1.tlog
F:\计算机考研\王道编程\20180303学生管理系统\20180304_赵君诚（学生管理）\学生管理系统\Debug\link.command.1.tlog
F:\计算机考研\王道编程\20180303学生管理系统\20180304_赵君诚（学生管理）\学生管理系统\Debug\link.read.1.tlog
F:\计算机考研\王道编程\20180303学生管理系统\20180304_赵君诚（学生管理）\学生管理系统\Debug\link.write.1.tlog
F:\计算机考研\王道编程\20180303学生管理系统\20180304_赵君诚（学生管理）\学生管理系统\Debug\vc110.idb
F:\计算机考研\王道编程\20180303学生管理系统\20180304_赵君诚（学生管理）\学生管理系统\Debug\vc110.pdb
F:\计算机考研\王道编程\20180303学生管理系统\20180304_赵君诚（学生管理）\Debug\学生管理系统.pdb
F:\计算机考研\王道编程\20180303学生管理系统\20180304_赵君诚（学生管理）\Debug\学生管理系统.exe
F:\计算机考研\王道编程\20180303学生管理系统\20180304_赵君诚（学生管理）\Debug\学生管理系统.ilk
