F:\计算机考研\王道编程\20180302\文件练习及作业\作业2\DEBUG\FUN.OBJ
F:\计算机考研\王道编程\20180302\文件练习及作业\作业2\DEBUG\MAIN.OBJ
F:\计算机考研\王道编程\20180302\文件练习及作业\作业2\DEBUG\VC110.PDB
F:\计算机考研\王道编程\20180302\文件练习及作业\DEBUG\作业2.ILK
F:\计算机考研\王道编程\20180302\文件练习及作业\DEBUG\作业2.EXE
F:\计算机考研\王道编程\20180302\文件练习及作业\DEBUG\作业2.PDB
F:\计算机考研\王道编程\20180302\文件练习及作业\作业2\Debug\fun.obj
F:\计算机考研\王道编程\20180302\文件练习及作业\作业2\Debug\main.obj
F:\计算机考研\王道编程\20180302\文件练习及作业\作业2\Debug\cl.command.1.tlog
F:\计算机考研\王道编程\20180302\文件练习及作业\作业2\Debug\CL.read.1.tlog
F:\计算机考研\王道编程\20180302\文件练习及作业\作业2\Debug\CL.write.1.tlog
F:\计算机考研\王道编程\20180302\文件练习及作业\作业2\Debug\link-cvtres.read.1.tlog
F:\计算机考研\王道编程\20180302\文件练习及作业\作业2\Debug\link-cvtres.write.1.tlog
F:\计算机考研\王道编程\20180302\文件练习及作业\作业2\Debug\link-rc.read.1.tlog
F:\计算机考研\王道编程\20180302\文件练习及作业\作业2\Debug\link-rc.write.1.tlog
F:\计算机考研\王道编程\20180302\文件练习及作业\作业2\Debug\link.command.1.tlog
F:\计算机考研\王道编程\20180302\文件练习及作业\作业2\Debug\link.read.1.tlog
F:\计算机考研\王道编程\20180302\文件练习及作业\作业2\Debug\link.write.1.tlog
F:\计算机考研\王道编程\20180302\文件练习及作业\作业2\Debug\vc110.idb
F:\计算机考研\王道编程\20180302\文件练习及作业\作业2\Debug\vc110.pdb
F:\计算机考研\王道编程\20180302\文件练习及作业\Debug\作业2.pdb
F:\计算机考研\王道编程\20180302\文件练习及作业\Debug\作业2.exe
F:\计算机考研\王道编程\20180302\文件练习及作业\Debug\作业2.ilk
