F:\计算机考研\王道编程\20180302\文件练习及作业\作业4\DEBUG\FUN.OBJ
F:\计算机考研\王道编程\20180302\文件练习及作业\作业4\DEBUG\MAIN.OBJ
F:\计算机考研\王道编程\20180302\文件练习及作业\作业4\DEBUG\VC110.PDB
F:\计算机考研\王道编程\20180302\文件练习及作业\DEBUG\作业4.ILK
F:\计算机考研\王道编程\20180302\文件练习及作业\DEBUG\作业4.EXE
F:\计算机考研\王道编程\20180302\文件练习及作业\DEBUG\作业4.PDB
F:\计算机考研\王道编程\20180302\文件练习及作业\作业4\Debug\fun.obj
F:\计算机考研\王道编程\20180302\文件练习及作业\作业4\Debug\main.obj
F:\计算机考研\王道编程\20180302\文件练习及作业\作业4\Debug\cl.command.1.tlog
F:\计算机考研\王道编程\20180302\文件练习及作业\作业4\Debug\CL.read.1.tlog
F:\计算机考研\王道编程\20180302\文件练习及作业\作业4\Debug\CL.write.1.tlog
F:\计算机考研\王道编程\20180302\文件练习及作业\作业4\Debug\link-cvtres.read.1.tlog
F:\计算机考研\王道编程\20180302\文件练习及作业\作业4\Debug\link-cvtres.write.1.tlog
F:\计算机考研\王道编程\20180302\文件练习及作业\作业4\Debug\link-rc.read.1.tlog
F:\计算机考研\王道编程\20180302\文件练习及作业\作业4\Debug\link-rc.write.1.tlog
F:\计算机考研\王道编程\20180302\文件练习及作业\作业4\Debug\link.command.1.tlog
F:\计算机考研\王道编程\20180302\文件练习及作业\作业4\Debug\link.read.1.tlog
F:\计算机考研\王道编程\20180302\文件练习及作业\作业4\Debug\link.write.1.tlog
F:\计算机考研\王道编程\20180302\文件练习及作业\作业4\Debug\vc110.idb
F:\计算机考研\王道编程\20180302\文件练习及作业\作业4\Debug\vc110.pdb
F:\计算机考研\王道编程\20180302\文件练习及作业\Debug\作业4.pdb
F:\计算机考研\王道编程\20180302\文件练习及作业\Debug\作业4.exe
F:\计算机考研\王道编程\20180302\文件练习及作业\Debug\作业4.ilk
